#
# A fatal error has been detected by the Java Runtime Environment:
#
#  Internal Error (os_windows_x86.cpp:143), pid=15944, tid=2508
#  guarantee(result == EXCEPTION_CONTINUE_EXECUTION) failed: Unexpected result from topLevelExceptionFilter
#
# JRE version: Java(TM) SE Runtime Environment (17.0.10+11) (build 17.0.10+11-LTS-240)
# Java VM: Java HotSpot(TM) 64-Bit Server VM (17.0.10+11-LTS-240, mixed mode, sharing, tiered, compressed oops, compressed class ptrs, g1 gc, windows-amd64)
# No core dump will be written. Minidumps are not enabled by default on client versions of Windows
#
# If you would like to submit a bug report, please visit:
#   https://bugreport.java.com/bugreport/crash.jsp
# The crash happened outside the Java Virtual Machine in native code.
# See problematic frame for where to report the bug.
#

---------------  S U M M A R Y ------------

Command Line: -Dfile.encoding=UTF8 -ea -Xmx1024m 

Host: 12th Gen Intel(R) Core(TM) i7-12700H, 20 cores, 15G,  Windows 10 , 64 bit Build 19041 (10.0.19041.3636)
Time: Thu Jul  4 10:20:56 2024 대한민국 표준시 elapsed time: 0.422988 seconds (0d 0h 0m 0s)

---------------  T H R E A D  ---------------

Current thread (0x000001d35ec9c390):  JavaThread "Python Reference Queue" daemon [_thread_in_native, id=2508, stack(0x000000adf7920000,0x000000adf7b10000)]

Stack: [0x000000adf7920000,0x000000adf7b10000]
Native frames: (J=compiled Java code, j=interpreted, Vv=VM code, C=native code)
C  0x00007ff833747a5a
C  0x00007ff8338a8b2d
C  0x00007ff8338aa48e
C  0x00007ff8338aaaa7
C  0x00007ff83331555a
C  0x00007ff8337475cc
C  [ntdll.dll+0xa292f]
C  [ntdll.dll+0x52554]
C  [ntdll.dll+0xa143e]
C  0x00007ff8801a8b9d
C  0x00007ff8801a8bd2
C  0x00007ff8800d2de4
C  0x00007ff8800d54f3
C  0x00007ff8803e4963
C  [python311.dll+0x15e76e]  subtype_clear+0xee  (typeobject.c:1279)
C  [python311.dll+0x762e3]  delete_garbage+0x133  (gcmodule.c:1014)
C  [python311.dll+0x76a24]  gc_collect_main+0x584  (gcmodule.c:1291)
C  [python311.dll+0x77025]  gc_collect_with_callback+0x45  (gcmodule.c:1401)
C  [python311.dll+0x77ff4]  PyGC_Collect+0x94  (gcmodule.c:2087)
C  0x00007ff8f5839054
C  0x000001d31708d621

Java frames: (J=compiled Java code, j=interpreted, Vv=VM code)
j  org.jpype.ref.JPypeReferenceNative.wake()V+0
j  org.jpype.ref.JPypeReferenceQueue$Worker.run()V+42
j  java.lang.Thread.run()V+11 java.base@17.0.10
v  ~StubRoutines::call_stub

---------------  P R O C E S S  ---------------

Threads class SMR info:
_java_thread_list=0x000001d32aafdc00, length=20, elements={
0x000001d35ec9aa40, 0x000001d35ec9af50, 0x000001d35ec98be0, 0x000001d35ec94f20,
0x000001d35ec986d0, 0x000001d35ec96d80, 0x000001d35ec95e50, 0x000001d35e8bce20,
0x000001d35e8bd370, 0x000001d35ec94a10, 0x000001d35e8bd8c0, 0x000001d35e8b8910,
0x000001d35ec9b460, 0x000001d35ec990f0, 0x000001d35ec9c390, 0x000001d35e8bde10,
0x000001d35e8b63e0, 0x000001d35e8b6930, 0x000001d35e8be8b0, 0x000001d35e8bee00
}

Java Threads: ( => current thread )
  0x000001d35ec9aa40 JavaThread "main" [_thread_in_vm, id=15920, stack(0x000000adf1000000,0x000000adf11f0000)]
  0x000001d35ec9af50 JavaThread "Reference Handler" daemon [_thread_blocked, id=2636, stack(0x000000adf5e00000,0x000000adf5ff0000)]
  0x000001d35ec98be0 JavaThread "Finalizer" daemon [_thread_blocked, id=1940, stack(0x000000adf5ff0000,0x000000adf61e0000)]
  0x000001d35ec94f20 JavaThread "Signal Dispatcher" daemon [_thread_blocked, id=2132, stack(0x000000adf61e0000,0x000000adf63d0000)]
  0x000001d35ec986d0 JavaThread "Attach Listener" daemon [_thread_blocked, id=2848, stack(0x000000adf63d0000,0x000000adf65c0000)]
  0x000001d35ec96d80 JavaThread "Service Thread" daemon [_thread_blocked, id=1936, stack(0x000000adf65c0000,0x000000adf67b0000)]
  0x000001d35ec95e50 JavaThread "Monitor Deflation Thread" daemon [_thread_blocked, id=2212, stack(0x000000adf67b0000,0x000000adf69a0000)]
  0x000001d35e8bce20 JavaThread "C2 CompilerThread0" daemon [_thread_blocked, id=2344, stack(0x000000adf69a0000,0x000000adf6b90000)]
  0x000001d35e8bd370 JavaThread "C1 CompilerThread0" daemon [_thread_blocked, id=2428, stack(0x000000adf6b90000,0x000000adf6d80000)]
  0x000001d35ec94a10 JavaThread "Sweeper thread" daemon [_thread_blocked, id=2352, stack(0x000000adf6d80000,0x000000adf6f70000)]
  0x000001d35e8bd8c0 JavaThread "C1 CompilerThread1" daemon [_thread_blocked, id=2932, stack(0x000000adf6f70000,0x000000adf7160000)]
  0x000001d35e8b8910 JavaThread "C1 CompilerThread2" daemon [_thread_blocked, id=2532, stack(0x000000adf7160000,0x000000adf7350000)]
  0x000001d35ec9b460 JavaThread "Notification Thread" daemon [_thread_blocked, id=2420, stack(0x000000adf7350000,0x000000adf7540000)]
  0x000001d35ec990f0 JavaThread "Common-Cleaner" daemon [_thread_blocked, id=4816, stack(0x000000adf7730000,0x000000adf7920000)]
=>0x000001d35ec9c390 JavaThread "Python Reference Queue" daemon [_thread_in_native, id=2508, stack(0x000000adf7920000,0x000000adf7b10000)]
  0x000001d35e8bde10 JavaThread "C2 CompilerThread1" daemon [_thread_blocked, id=2304, stack(0x000000adf7b10000,0x000000adf7d00000)]
  0x000001d35e8b63e0 JavaThread "C1 CompilerThread3" daemon [_thread_blocked, id=2432, stack(0x000000adf7d00000,0x000000adf7ef0000)]
  0x000001d35e8b6930 JavaThread "C2 CompilerThread2" daemon [_thread_blocked, id=11380, stack(0x000000adf88a0000,0x000000adf8a90000)]
  0x000001d35e8be8b0 JavaThread "C2 CompilerThread3" daemon [_thread_in_native, id=2152, stack(0x000000adf8a90000,0x000000adf8c80000)]
  0x000001d35e8bee00 JavaThread "C2 CompilerThread4" daemon [_thread_blocked, id=2796, stack(0x000000adf8c80000,0x000000adf8e70000)]

Other Threads:
  0x000001d360e65880 VMThread "VM Thread" [stack: 0x000000adf5c10000,0x000000adf5e00000] [id=1904]
  0x000001d369a712c0 WatcherThread [stack: 0x000000adf7540000,0x000000adf7730000] [id=2316]
  0x000001d35ec29c60 GCTaskThread "GC Thread#0" [stack: 0x000000adf48b0000,0x000000adf4aa0000] [id=1568]
  0x000001d35ec2a1e0 GCTaskThread "GC Thread#1" [stack: 0x000000adf7ef0000,0x000000adf80e0000] [id=2512]
  0x000001d35ec22620 GCTaskThread "GC Thread#2" [stack: 0x000000adf80e0000,0x000000adf82d0000] [id=2800]
  0x000001d35ec2a4a0 GCTaskThread "GC Thread#3" [stack: 0x000000adf82d0000,0x000000adf84c0000] [id=2668]
  0x000001d35ec2a760 GCTaskThread "GC Thread#4" [stack: 0x000000adf84c0000,0x000000adf86b0000] [id=2772]
  0x000001d35ec2aa20 GCTaskThread "GC Thread#5" [stack: 0x000000adf86b0000,0x000000adf88a0000] [id=2460]
  0x000001d360edb840 ConcurrentGCThread "G1 Main Marker" [stack: 0x000000adf5450000,0x000000adf5640000] [id=1548]
  0x000001d35ec29f20 ConcurrentGCThread "G1 Conc#0" [stack: 0x000000adf5640000,0x000000adf5830000] [id=1560]
  0x000001d3614f49e0 ConcurrentGCThread "G1 Refine#0" [stack: 0x000000adf5830000,0x000000adf5a20000] [id=1960]
  0x000001d36129d090 ConcurrentGCThread "G1 Service" [stack: 0x000000adf5a20000,0x000000adf5c10000] [id=2808]

Threads with active compile tasks:
C1 CompilerThread2      591 1161       3       java.util.jar.Attributes::getValue (9 bytes)
C2 CompilerThread3      591  927       4       jdk.internal.jimage.ImageReader$SharedImageReader::lambda$handleModulesSubTree$1 (43 bytes)

VM state: not at safepoint (normal execution)

VM Mutex/Monitor currently owned by a thread: None

Heap address: 0x00000000c0000000, size: 1024 MB, Compressed Oops mode: 32-bit

CDS archive(s) mapped at: [0x000001d380000000-0x000001d380bd0000-0x000001d380bd0000), size 12386304, SharedBaseAddress: 0x000001d380000000, ArchiveRelocationMode: 1.
Compressed class space mapped at: 0x000001d381000000-0x000001d3c1000000, reserved size: 1073741824
Narrow klass base: 0x000001d380000000, Narrow klass shift: 0, Narrow klass range: 0x100000000

GC Precious Log:
 CPUs: 20 total, 20 available
 Memory: 16049M
 Large Page Support: Disabled
 NUMA Support: Disabled
 Compressed Oops: Enabled (32-bit)
 Heap Region Size: 1M
 Heap Min Capacity: 8M
 Heap Initial Capacity: 252M
 Heap Max Capacity: 1G
 Pre-touch: Disabled
 Parallel Workers: 15
 Concurrent Workers: 4
 Concurrent Refinement Workers: 15
 Periodic GC: Disabled

Heap:
 garbage-first heap   total 139264K, used 15655K [0x00000000c0000000, 0x0000000100000000)
  region size 1024K, 12 young (12288K), 1 survivors (1024K)
 Metaspace       used 4427K, committed 4544K, reserved 1114112K
  class space    used 511K, committed 576K, reserved 1048576K

Heap Regions: E=young(eden), S=young(survivor), O=old, HS=humongous(starts), HC=humongous(continues), CS=collection set, F=free, OA=open archive, CA=closed archive, TAMS=top-at-mark-start (previous, next)
|   0|0x00000000c0000000, 0x00000000c00460c0, 0x00000000c0100000| 27%| O|  |TAMS 0x00000000c0000000, 0x00000000c0000000| Untracked 
|   1|0x00000000c0100000, 0x00000000c0191278, 0x00000000c0200000| 56%| O|  |TAMS 0x00000000c0100000, 0x00000000c0100000| Untracked 
|   2|0x00000000c0200000, 0x00000000c02521f8, 0x00000000c0300000| 32%| O|  |TAMS 0x00000000c0200000, 0x00000000c0200000| Untracked 
|   3|0x00000000c0300000, 0x00000000c0332a80, 0x00000000c0400000| 19%| O|  |TAMS 0x00000000c0300000, 0x00000000c0300000| Untracked 
|   4|0x00000000c0400000, 0x00000000c0500000, 0x00000000c0500000|100%| O|  |TAMS 0x00000000c0400000, 0x00000000c0400000| Untracked 
|   5|0x00000000c0500000, 0x00000000c0600000, 0x00000000c0600000|100%| O|  |TAMS 0x00000000c0500000, 0x00000000c0500000| Untracked 
|   6|0x00000000c0600000, 0x00000000c06bbc00, 0x00000000c0700000| 73%| O|  |TAMS 0x00000000c0600000, 0x00000000c0600000| Untracked 
|   7|0x00000000c0700000, 0x00000000c0700000, 0x00000000c0800000|  0%| F|  |TAMS 0x00000000c0700000, 0x00000000c0700000| Untracked 
|   8|0x00000000c0800000, 0x00000000c0800000, 0x00000000c0900000|  0%| F|  |TAMS 0x00000000c0800000, 0x00000000c0800000| Untracked 
|   9|0x00000000c0900000, 0x00000000c0900000, 0x00000000c0a00000|  0%| F|  |TAMS 0x00000000c0900000, 0x00000000c0900000| Untracked 
|  10|0x00000000c0a00000, 0x00000000c0a00000, 0x00000000c0b00000|  0%| F|  |TAMS 0x00000000c0a00000, 0x00000000c0a00000| Untracked 
|  11|0x00000000c0b00000, 0x00000000c0ba6de8, 0x00000000c0c00000| 65%| S|CS|TAMS 0x00000000c0b00000, 0x00000000c0b00000| Complete 
|  12|0x00000000c0c00000, 0x00000000c0c00000, 0x00000000c0d00000|  0%| F|  |TAMS 0x00000000c0c00000, 0x00000000c0c00000| Untracked 
|  13|0x00000000c0d00000, 0x00000000c0d00000, 0x00000000c0e00000|  0%| F|  |TAMS 0x00000000c0d00000, 0x00000000c0d00000| Untracked 
|  14|0x00000000c0e00000, 0x00000000c0e00000, 0x00000000c0f00000|  0%| F|  |TAMS 0x00000000c0e00000, 0x00000000c0e00000| Untracked 
|  15|0x00000000c0f00000, 0x00000000c0f00000, 0x00000000c1000000|  0%| F|  |TAMS 0x00000000c0f00000, 0x00000000c0f00000| Untracked 
|  16|0x00000000c1000000, 0x00000000c1000000, 0x00000000c1100000|  0%| F|  |TAMS 0x00000000c1000000, 0x00000000c1000000| Untracked 
|  17|0x00000000c1100000, 0x00000000c1100000, 0x00000000c1200000|  0%| F|  |TAMS 0x00000000c1100000, 0x00000000c1100000| Untracked 
|  18|0x00000000c1200000, 0x00000000c1200000, 0x00000000c1300000|  0%| F|  |TAMS 0x00000000c1200000, 0x00000000c1200000| Untracked 
|  19|0x00000000c1300000, 0x00000000c1300000, 0x00000000c1400000|  0%| F|  |TAMS 0x00000000c1300000, 0x00000000c1300000| Untracked 
|  20|0x00000000c1400000, 0x00000000c1400000, 0x00000000c1500000|  0%| F|  |TAMS 0x00000000c1400000, 0x00000000c1400000| Untracked 
|  21|0x00000000c1500000, 0x00000000c1500000, 0x00000000c1600000|  0%| F|  |TAMS 0x00000000c1500000, 0x00000000c1500000| Untracked 
|  22|0x00000000c1600000, 0x00000000c1600000, 0x00000000c1700000|  0%| F|  |TAMS 0x00000000c1600000, 0x00000000c1600000| Untracked 
|  23|0x00000000c1700000, 0x00000000c1700000, 0x00000000c1800000|  0%| F|  |TAMS 0x00000000c1700000, 0x00000000c1700000| Untracked 
|  24|0x00000000c1800000, 0x00000000c1800000, 0x00000000c1900000|  0%| F|  |TAMS 0x00000000c1800000, 0x00000000c1800000| Untracked 
|  25|0x00000000c1900000, 0x00000000c1900000, 0x00000000c1a00000|  0%| F|  |TAMS 0x00000000c1900000, 0x00000000c1900000| Untracked 
|  26|0x00000000c1a00000, 0x00000000c1a00000, 0x00000000c1b00000|  0%| F|  |TAMS 0x00000000c1a00000, 0x00000000c1a00000| Untracked 
|  27|0x00000000c1b00000, 0x00000000c1b00000, 0x00000000c1c00000|  0%| F|  |TAMS 0x00000000c1b00000, 0x00000000c1b00000| Untracked 
|  28|0x00000000c1c00000, 0x00000000c1c00000, 0x00000000c1d00000|  0%| F|  |TAMS 0x00000000c1c00000, 0x00000000c1c00000| Untracked 
|  29|0x00000000c1d00000, 0x00000000c1d00000, 0x00000000c1e00000|  0%| F|  |TAMS 0x00000000c1d00000, 0x00000000c1d00000| Untracked 
|  30|0x00000000c1e00000, 0x00000000c1e00000, 0x00000000c1f00000|  0%| F|  |TAMS 0x00000000c1e00000, 0x00000000c1e00000| Untracked 
|  31|0x00000000c1f00000, 0x00000000c1f00000, 0x00000000c2000000|  0%| F|  |TAMS 0x00000000c1f00000, 0x00000000c1f00000| Untracked 
|  32|0x00000000c2000000, 0x00000000c2000000, 0x00000000c2100000|  0%| F|  |TAMS 0x00000000c2000000, 0x00000000c2000000| Untracked 
|  33|0x00000000c2100000, 0x00000000c2100000, 0x00000000c2200000|  0%| F|  |TAMS 0x00000000c2100000, 0x00000000c2100000| Untracked 
|  34|0x00000000c2200000, 0x00000000c2200000, 0x00000000c2300000|  0%| F|  |TAMS 0x00000000c2200000, 0x00000000c2200000| Untracked 
|  35|0x00000000c2300000, 0x00000000c2300000, 0x00000000c2400000|  0%| F|  |TAMS 0x00000000c2300000, 0x00000000c2300000| Untracked 
|  36|0x00000000c2400000, 0x00000000c2400000, 0x00000000c2500000|  0%| F|  |TAMS 0x00000000c2400000, 0x00000000c2400000| Untracked 
|  37|0x00000000c2500000, 0x00000000c2500000, 0x00000000c2600000|  0%| F|  |TAMS 0x00000000c2500000, 0x00000000c2500000| Untracked 
|  38|0x00000000c2600000, 0x00000000c2600000, 0x00000000c2700000|  0%| F|  |TAMS 0x00000000c2600000, 0x00000000c2600000| Untracked 
|  39|0x00000000c2700000, 0x00000000c2700000, 0x00000000c2800000|  0%| F|  |TAMS 0x00000000c2700000, 0x00000000c2700000| Untracked 
|  40|0x00000000c2800000, 0x00000000c2800000, 0x00000000c2900000|  0%| F|  |TAMS 0x00000000c2800000, 0x00000000c2800000| Untracked 
|  41|0x00000000c2900000, 0x00000000c2900000, 0x00000000c2a00000|  0%| F|  |TAMS 0x00000000c2900000, 0x00000000c2900000| Untracked 
|  42|0x00000000c2a00000, 0x00000000c2a00000, 0x00000000c2b00000|  0%| F|  |TAMS 0x00000000c2a00000, 0x00000000c2a00000| Untracked 
|  43|0x00000000c2b00000, 0x00000000c2b00000, 0x00000000c2c00000|  0%| F|  |TAMS 0x00000000c2b00000, 0x00000000c2b00000| Untracked 
|  44|0x00000000c2c00000, 0x00000000c2c00000, 0x00000000c2d00000|  0%| F|  |TAMS 0x00000000c2c00000, 0x00000000c2c00000| Untracked 
|  45|0x00000000c2d00000, 0x00000000c2d00000, 0x00000000c2e00000|  0%| F|  |TAMS 0x00000000c2d00000, 0x00000000c2d00000| Untracked 
|  46|0x00000000c2e00000, 0x00000000c2e00000, 0x00000000c2f00000|  0%| F|  |TAMS 0x00000000c2e00000, 0x00000000c2e00000| Untracked 
|  47|0x00000000c2f00000, 0x00000000c2f00000, 0x00000000c3000000|  0%| F|  |TAMS 0x00000000c2f00000, 0x00000000c2f00000| Untracked 
|  48|0x00000000c3000000, 0x00000000c3000000, 0x00000000c3100000|  0%| F|  |TAMS 0x00000000c3000000, 0x00000000c3000000| Untracked 
|  49|0x00000000c3100000, 0x00000000c3100000, 0x00000000c3200000|  0%| F|  |TAMS 0x00000000c3100000, 0x00000000c3100000| Untracked 
|  50|0x00000000c3200000, 0x00000000c3200000, 0x00000000c3300000|  0%| F|  |TAMS 0x00000000c3200000, 0x00000000c3200000| Untracked 
|  51|0x00000000c3300000, 0x00000000c3300000, 0x00000000c3400000|  0%| F|  |TAMS 0x00000000c3300000, 0x00000000c3300000| Untracked 
|  52|0x00000000c3400000, 0x00000000c3400000, 0x00000000c3500000|  0%| F|  |TAMS 0x00000000c3400000, 0x00000000c3400000| Untracked 
|  53|0x00000000c3500000, 0x00000000c3500000, 0x00000000c3600000|  0%| F|  |TAMS 0x00000000c3500000, 0x00000000c3500000| Untracked 
|  54|0x00000000c3600000, 0x00000000c3600000, 0x00000000c3700000|  0%| F|  |TAMS 0x00000000c3600000, 0x00000000c3600000| Untracked 
|  55|0x00000000c3700000, 0x00000000c3700000, 0x00000000c3800000|  0%| F|  |TAMS 0x00000000c3700000, 0x00000000c3700000| Untracked 
|  56|0x00000000c3800000, 0x00000000c3800000, 0x00000000c3900000|  0%| F|  |TAMS 0x00000000c3800000, 0x00000000c3800000| Untracked 
|  57|0x00000000c3900000, 0x00000000c3900000, 0x00000000c3a00000|  0%| F|  |TAMS 0x00000000c3900000, 0x00000000c3900000| Untracked 
|  58|0x00000000c3a00000, 0x00000000c3a00000, 0x00000000c3b00000|  0%| F|  |TAMS 0x00000000c3a00000, 0x00000000c3a00000| Untracked 
|  59|0x00000000c3b00000, 0x00000000c3b00000, 0x00000000c3c00000|  0%| F|  |TAMS 0x00000000c3b00000, 0x00000000c3b00000| Untracked 
|  60|0x00000000c3c00000, 0x00000000c3c00000, 0x00000000c3d00000|  0%| F|  |TAMS 0x00000000c3c00000, 0x00000000c3c00000| Untracked 
|  61|0x00000000c3d00000, 0x00000000c3d00000, 0x00000000c3e00000|  0%| F|  |TAMS 0x00000000c3d00000, 0x00000000c3d00000| Untracked 
|  62|0x00000000c3e00000, 0x00000000c3e00000, 0x00000000c3f00000|  0%| F|  |TAMS 0x00000000c3e00000, 0x00000000c3e00000| Untracked 
|  63|0x00000000c3f00000, 0x00000000c3f00000, 0x00000000c4000000|  0%| F|  |TAMS 0x00000000c3f00000, 0x00000000c3f00000| Untracked 
|  64|0x00000000c4000000, 0x00000000c4000000, 0x00000000c4100000|  0%| F|  |TAMS 0x00000000c4000000, 0x00000000c4000000| Untracked 
|  65|0x00000000c4100000, 0x00000000c4100000, 0x00000000c4200000|  0%| F|  |TAMS 0x00000000c4100000, 0x00000000c4100000| Untracked 
|  66|0x00000000c4200000, 0x00000000c4200000, 0x00000000c4300000|  0%| F|  |TAMS 0x00000000c4200000, 0x00000000c4200000| Untracked 
|  67|0x00000000c4300000, 0x00000000c4300000, 0x00000000c4400000|  0%| F|  |TAMS 0x00000000c4300000, 0x00000000c4300000| Untracked 
|  68|0x00000000c4400000, 0x00000000c4400000, 0x00000000c4500000|  0%| F|  |TAMS 0x00000000c4400000, 0x00000000c4400000| Untracked 
|  69|0x00000000c4500000, 0x00000000c4500000, 0x00000000c4600000|  0%| F|  |TAMS 0x00000000c4500000, 0x00000000c4500000| Untracked 
|  70|0x00000000c4600000, 0x00000000c4600000, 0x00000000c4700000|  0%| F|  |TAMS 0x00000000c4600000, 0x00000000c4600000| Untracked 
|  71|0x00000000c4700000, 0x00000000c4700000, 0x00000000c4800000|  0%| F|  |TAMS 0x00000000c4700000, 0x00000000c4700000| Untracked 
|  72|0x00000000c4800000, 0x00000000c4800000, 0x00000000c4900000|  0%| F|  |TAMS 0x00000000c4800000, 0x00000000c4800000| Untracked 
|  73|0x00000000c4900000, 0x00000000c4900000, 0x00000000c4a00000|  0%| F|  |TAMS 0x00000000c4900000, 0x00000000c4900000| Untracked 
|  74|0x00000000c4a00000, 0x00000000c4a00000, 0x00000000c4b00000|  0%| F|  |TAMS 0x00000000c4a00000, 0x00000000c4a00000| Untracked 
|  75|0x00000000c4b00000, 0x00000000c4b00000, 0x00000000c4c00000|  0%| F|  |TAMS 0x00000000c4b00000, 0x00000000c4b00000| Untracked 
|  76|0x00000000c4c00000, 0x00000000c4c00000, 0x00000000c4d00000|  0%| F|  |TAMS 0x00000000c4c00000, 0x00000000c4c00000| Untracked 
|  77|0x00000000c4d00000, 0x00000000c4d00000, 0x00000000c4e00000|  0%| F|  |TAMS 0x00000000c4d00000, 0x00000000c4d00000| Untracked 
|  78|0x00000000c4e00000, 0x00000000c4e00000, 0x00000000c4f00000|  0%| F|  |TAMS 0x00000000c4e00000, 0x00000000c4e00000| Untracked 
|  79|0x00000000c4f00000, 0x00000000c4f00000, 0x00000000c5000000|  0%| F|  |TAMS 0x00000000c4f00000, 0x00000000c4f00000| Untracked 
|  80|0x00000000c5000000, 0x00000000c5000000, 0x00000000c5100000|  0%| F|  |TAMS 0x00000000c5000000, 0x00000000c5000000| Untracked 
|  81|0x00000000c5100000, 0x00000000c5100000, 0x00000000c5200000|  0%| F|  |TAMS 0x00000000c5100000, 0x00000000c5100000| Untracked 
|  82|0x00000000c5200000, 0x00000000c5200000, 0x00000000c5300000|  0%| F|  |TAMS 0x00000000c5200000, 0x00000000c5200000| Untracked 
|  83|0x00000000c5300000, 0x00000000c5300000, 0x00000000c5400000|  0%| F|  |TAMS 0x00000000c5300000, 0x00000000c5300000| Untracked 
|  84|0x00000000c5400000, 0x00000000c5400000, 0x00000000c5500000|  0%| F|  |TAMS 0x00000000c5400000, 0x00000000c5400000| Untracked 
|  85|0x00000000c5500000, 0x00000000c5500000, 0x00000000c5600000|  0%| F|  |TAMS 0x00000000c5500000, 0x00000000c5500000| Untracked 
|  86|0x00000000c5600000, 0x00000000c5600000, 0x00000000c5700000|  0%| F|  |TAMS 0x00000000c5600000, 0x00000000c5600000| Untracked 
|  87|0x00000000c5700000, 0x00000000c5700000, 0x00000000c5800000|  0%| F|  |TAMS 0x00000000c5700000, 0x00000000c5700000| Untracked 
|  88|0x00000000c5800000, 0x00000000c5800000, 0x00000000c5900000|  0%| F|  |TAMS 0x00000000c5800000, 0x00000000c5800000| Untracked 
|  89|0x00000000c5900000, 0x00000000c5900000, 0x00000000c5a00000|  0%| F|  |TAMS 0x00000000c5900000, 0x00000000c5900000| Untracked 
|  90|0x00000000c5a00000, 0x00000000c5a00000, 0x00000000c5b00000|  0%| F|  |TAMS 0x00000000c5a00000, 0x00000000c5a00000| Untracked 
|  91|0x00000000c5b00000, 0x00000000c5b00000, 0x00000000c5c00000|  0%| F|  |TAMS 0x00000000c5b00000, 0x00000000c5b00000| Untracked 
|  92|0x00000000c5c00000, 0x00000000c5c00000, 0x00000000c5d00000|  0%| F|  |TAMS 0x00000000c5c00000, 0x00000000c5c00000| Untracked 
|  93|0x00000000c5d00000, 0x00000000c5d00000, 0x00000000c5e00000|  0%| F|  |TAMS 0x00000000c5d00000, 0x00000000c5d00000| Untracked 
|  94|0x00000000c5e00000, 0x00000000c5e00000, 0x00000000c5f00000|  0%| F|  |TAMS 0x00000000c5e00000, 0x00000000c5e00000| Untracked 
|  95|0x00000000c5f00000, 0x00000000c5f00000, 0x00000000c6000000|  0%| F|  |TAMS 0x00000000c5f00000, 0x00000000c5f00000| Untracked 
|  96|0x00000000c6000000, 0x00000000c6000000, 0x00000000c6100000|  0%| F|  |TAMS 0x00000000c6000000, 0x00000000c6000000| Untracked 
|  97|0x00000000c6100000, 0x00000000c6100000, 0x00000000c6200000|  0%| F|  |TAMS 0x00000000c6100000, 0x00000000c6100000| Untracked 
|  98|0x00000000c6200000, 0x00000000c6200000, 0x00000000c6300000|  0%| F|  |TAMS 0x00000000c6200000, 0x00000000c6200000| Untracked 
|  99|0x00000000c6300000, 0x00000000c6300000, 0x00000000c6400000|  0%| F|  |TAMS 0x00000000c6300000, 0x00000000c6300000| Untracked 
| 100|0x00000000c6400000, 0x00000000c6400000, 0x00000000c6500000|  0%| F|  |TAMS 0x00000000c6400000, 0x00000000c6400000| Untracked 
| 101|0x00000000c6500000, 0x00000000c6500000, 0x00000000c6600000|  0%| F|  |TAMS 0x00000000c6500000, 0x00000000c6500000| Untracked 
| 102|0x00000000c6600000, 0x00000000c6600000, 0x00000000c6700000|  0%| F|  |TAMS 0x00000000c6600000, 0x00000000c6600000| Untracked 
| 103|0x00000000c6700000, 0x00000000c6700000, 0x00000000c6800000|  0%| F|  |TAMS 0x00000000c6700000, 0x00000000c6700000| Untracked 
| 104|0x00000000c6800000, 0x00000000c6800000, 0x00000000c6900000|  0%| F|  |TAMS 0x00000000c6800000, 0x00000000c6800000| Untracked 
| 105|0x00000000c6900000, 0x00000000c6900000, 0x00000000c6a00000|  0%| F|  |TAMS 0x00000000c6900000, 0x00000000c6900000| Untracked 
| 106|0x00000000c6a00000, 0x00000000c6a00000, 0x00000000c6b00000|  0%| F|  |TAMS 0x00000000c6a00000, 0x00000000c6a00000| Untracked 
| 107|0x00000000c6b00000, 0x00000000c6b00000, 0x00000000c6c00000|  0%| F|  |TAMS 0x00000000c6b00000, 0x00000000c6b00000| Untracked 
| 108|0x00000000c6c00000, 0x00000000c6c00000, 0x00000000c6d00000|  0%| F|  |TAMS 0x00000000c6c00000, 0x00000000c6c00000| Untracked 
| 109|0x00000000c6d00000, 0x00000000c6d1a200, 0x00000000c6e00000| 10%| O|  |TAMS 0x00000000c6d00000, 0x00000000c6d00000| Untracked 
| 110|0x00000000c6e00000, 0x00000000c6e00000, 0x00000000c6f00000|  0%| F|  |TAMS 0x00000000c6e00000, 0x00000000c6e00000| Untracked 
| 111|0x00000000c6f00000, 0x00000000c6f00000, 0x00000000c7000000|  0%| F|  |TAMS 0x00000000c6f00000, 0x00000000c6f00000| Untracked 
| 112|0x00000000c7000000, 0x00000000c7000000, 0x00000000c7100000|  0%| F|  |TAMS 0x00000000c7000000, 0x00000000c7000000| Untracked 
| 113|0x00000000c7100000, 0x00000000c7171140, 0x00000000c7200000| 44%| O|  |TAMS 0x00000000c7100000, 0x00000000c7100000| Untracked 
| 114|0x00000000c7200000, 0x00000000c7200000, 0x00000000c7300000|  0%| F|  |TAMS 0x00000000c7200000, 0x00000000c7200000| Untracked 
| 115|0x00000000c7300000, 0x00000000c7300000, 0x00000000c7400000|  0%| F|  |TAMS 0x00000000c7300000, 0x00000000c7300000| Untracked 
| 116|0x00000000c7400000, 0x00000000c7400000, 0x00000000c7500000|  0%| F|  |TAMS 0x00000000c7400000, 0x00000000c7400000| Untracked 
| 117|0x00000000c7500000, 0x00000000c7500000, 0x00000000c7600000|  0%| F|  |TAMS 0x00000000c7500000, 0x00000000c7500000| Untracked 
| 118|0x00000000c7600000, 0x00000000c7600000, 0x00000000c7700000|  0%| F|  |TAMS 0x00000000c7600000, 0x00000000c7600000| Untracked 
| 119|0x00000000c7700000, 0x00000000c7700000, 0x00000000c7800000|  0%| F|  |TAMS 0x00000000c7700000, 0x00000000c7700000| Untracked 
| 120|0x00000000c7800000, 0x00000000c7800000, 0x00000000c7900000|  0%| F|  |TAMS 0x00000000c7800000, 0x00000000c7800000| Untracked 
| 121|0x00000000c7900000, 0x00000000c7900000, 0x00000000c7a00000|  0%| F|  |TAMS 0x00000000c7900000, 0x00000000c7900000| Untracked 
| 122|0x00000000c7a00000, 0x00000000c7a00000, 0x00000000c7b00000|  0%| F|  |TAMS 0x00000000c7a00000, 0x00000000c7a00000| Untracked 
| 123|0x00000000c7b00000, 0x00000000c7b00000, 0x00000000c7c00000|  0%| F|  |TAMS 0x00000000c7b00000, 0x00000000c7b00000| Untracked 
| 124|0x00000000c7c00000, 0x00000000c7c00000, 0x00000000c7d00000|  0%| F|  |TAMS 0x00000000c7c00000, 0x00000000c7c00000| Untracked 
| 125|0x00000000c7d00000, 0x00000000c7d80800, 0x00000000c7e00000| 50%| E|  |TAMS 0x00000000c7d00000, 0x00000000c7d00000| Complete 
| 126|0x00000000c7e00000, 0x00000000c7f00000, 0x00000000c7f00000|100%| E|CS|TAMS 0x00000000c7e00000, 0x00000000c7e00000| Complete 
| 127|0x00000000c7f00000, 0x00000000c8000000, 0x00000000c8000000|100%| E|CS|TAMS 0x00000000c7f00000, 0x00000000c7f00000| Complete 
| 128|0x00000000c8000000, 0x00000000c8100000, 0x00000000c8100000|100%| E|CS|TAMS 0x00000000c8000000, 0x00000000c8000000| Complete 
| 129|0x00000000c8100000, 0x00000000c8200000, 0x00000000c8200000|100%| E|CS|TAMS 0x00000000c8100000, 0x00000000c8100000| Complete 
| 130|0x00000000c8200000, 0x00000000c8300000, 0x00000000c8300000|100%| E|CS|TAMS 0x00000000c8200000, 0x00000000c8200000| Complete 
| 131|0x00000000c8300000, 0x00000000c8400000, 0x00000000c8400000|100%| E|CS|TAMS 0x00000000c8300000, 0x00000000c8300000| Complete 
| 132|0x00000000c8400000, 0x00000000c8500000, 0x00000000c8500000|100%| E|CS|TAMS 0x00000000c8400000, 0x00000000c8400000| Complete 
| 133|0x00000000c8500000, 0x00000000c8600000, 0x00000000c8600000|100%| E|CS|TAMS 0x00000000c8500000, 0x00000000c8500000| Complete 
| 134|0x00000000c8600000, 0x00000000c8700000, 0x00000000c8700000|100%| E|CS|TAMS 0x00000000c8600000, 0x00000000c8600000| Complete 
| 135|0x00000000c8700000, 0x00000000c8800000, 0x00000000c8800000|100%| E|CS|TAMS 0x00000000c8700000, 0x00000000c8700000| Complete 

Card table byte_map: [0x000001d31f8d0000,0x000001d31fad0000] _byte_map_base: 0x000001d31f2d0000

Marking Bits (Prev, Next): (CMBitMap*) 0x000001d3612bf930, (CMBitMap*) 0x000001d3612bf8f0
 Prev Bits: [0x000001d320cd0000, 0x000001d321cd0000)
 Next Bits: [0x000001d31fcd0000, 0x000001d320cd0000)

Polling page: 0x000001d301900000

Metaspace:

Usage:
  Non-class:      3.85 MB used.
      Class:    512.29 KB used.
       Both:      4.35 MB used.

Virtual space:
  Non-class space:       64.00 MB reserved,       3.94 MB (  6%) committed,  1 nodes.
      Class space:        1.00 GB reserved,     576.00 KB ( <1%) committed,  1 nodes.
             Both:        1.06 GB reserved,       4.50 MB ( <1%) committed. 

Chunk freelists:
   Non-Class:  10.09 MB
       Class:  15.39 MB
        Both:  25.48 MB

MaxMetaspaceSize: unlimited
CompressedClassSpaceSize: 1.00 GB
Initial GC threshold: 21.00 MB
Current GC threshold: 21.00 MB
CDS: on
MetaspaceReclaimPolicy: balanced
 - commit_granule_bytes: 65536.
 - commit_granule_words: 8192.
 - virtual_space_node_default_size: 8388608.
 - enlarge_chunks_in_place: 1.
 - new_chunks_are_fully_committed: 0.
 - uncommit_free_chunks: 1.
 - use_allocation_guard: 0.
 - handle_deallocations: 1.


Internal statistics:

num_allocs_failed_limit: 0.
num_arena_births: 46.
num_arena_deaths: 0.
num_vsnodes_births: 2.
num_vsnodes_deaths: 0.
num_space_committed: 72.
num_space_uncommitted: 0.
num_chunks_returned_to_freelist: 0.
num_chunks_taken_from_freelist: 141.
num_chunk_merges: 0.
num_chunk_splits: 105.
num_chunks_enlarged: 84.
num_inconsistent_stats: 0.

CodeHeap 'non-profiled nmethods': size=119168Kb used=421Kb max_used=421Kb free=118746Kb
 bounds [0x000001d3177d0000, 0x000001d317a40000, 0x000001d31ec30000]
CodeHeap 'profiled nmethods': size=119104Kb used=2119Kb max_used=2119Kb free=116984Kb
 bounds [0x000001d30fc30000, 0x000001d30fea0000, 0x000001d317080000]
CodeHeap 'non-nmethods': size=7488Kb used=2820Kb max_used=2858Kb free=4667Kb
 bounds [0x000001d317080000, 0x000001d317350000, 0x000001d3177d0000]
 total_blobs=1573 nmethods=1162 adapters=320
 compilation: enabled
              stopped_count=0, restarted_count=0
 full_count=0

Compilation events (20 events):
Event: 0.419 Thread 0x000001d35e8b63e0  705       1       java.lang.Module::getDescriptor (5 bytes)
Event: 0.419 Thread 0x000001d35e8b8910  706       1       java.lang.module.ModuleDescriptor::provides (5 bytes)
Event: 0.419 Thread 0x000001d35e8bd8c0 nmethod 704 0x000001d30fd5aa90 code [0x000001d30fd5ac20, 0x000001d30fd5ad98]
Event: 0.419 Thread 0x000001d35e8b8910 nmethod 706 0x000001d3177fc290 code [0x000001d3177fc420, 0x000001d3177fc4f8]
Event: 0.419 Thread 0x000001d35e8bd370 nmethod 703 0x000001d30fd5ae10 code [0x000001d30fd5afc0, 0x000001d30fd5b268]
Event: 0.419 Thread 0x000001d35e8b63e0 nmethod 705 0x000001d3177fc590 code [0x000001d3177fc720, 0x000001d3177fc7f8]
Event: 0.419 Thread 0x000001d35e8bde10 nmethod 698 0x000001d3177fc890 code [0x000001d3177fca20, 0x000001d3177fcbb8]
Event: 0.421 Thread 0x000001d35e8bd370  707       1       jdk.internal.loader.BuiltinClassLoader$LoadedModule::loader (5 bytes)
Event: 0.421 Thread 0x000001d35e8bce20  708       4       java.util.concurrent.ConcurrentHashMap::tabAt (22 bytes)
Event: 0.421 Thread 0x000001d35e8bd370 nmethod 707 0x000001d3177fcd90 code [0x000001d3177fcf20, 0x000001d3177fcff8]
Event: 0.421 Thread 0x000001d35e8bce20 nmethod 708 0x000001d3177fd090 code [0x000001d3177fd200, 0x000001d3177fd258]
Event: 0.421 Thread 0x000001d35e8bce20  709       4       java.lang.Object::<init> (1 bytes)
Event: 0.422 Thread 0x000001d35e8bce20 nmethod 709 0x000001d3177fd790 code [0x000001d3177fd900, 0x000001d3177fd9b8]
Event: 0.422 Thread 0x000001d35e8bd8c0  711   !   3       java.nio.DirectByteBuffer::get (34 bytes)
Event: 0.422 Thread 0x000001d35e8b63e0  712       3       java.nio.DirectByteBuffer::ix (10 bytes)
Event: 0.422 Thread 0x000001d35e8bd370  713   !   3       jdk.internal.misc.ScopedMemoryAccess::getByte (20 bytes)
Event: 0.422 Thread 0x000001d35e8b8910  714   !   3       jdk.internal.misc.ScopedMemoryAccess::getByteInternal (36 bytes)
Event: 0.422 Thread 0x000001d35e8b63e0 nmethod 712 0x000001d30fd5b310 code [0x000001d30fd5b4a0, 0x000001d30fd5b5b8]
Event: 0.422 Thread 0x000001d35e8b63e0  715       1       java.nio.Buffer::limit (5 bytes)
Event: 0.422 Thread 0x000001d35e8b63e0 nmethod 715 0x000001d3177fda90 code [0x000001d3177fdc20, 0x000001d3177fdcf8]

GC Heap History (2 events):
Event: 0.150 GC heap before
{Heap before GC invocations=0 (full 0):
 garbage-first heap   total 258048K, used 6144K [0x00000000c0000000, 0x0000000100000000)
  region size 1024K, 7 young (7168K), 0 survivors (0K)
 Metaspace       used 1745K, committed 1920K, reserved 1114112K
  class space    used 156K, committed 256K, reserved 1048576K
}
Event: 0.153 GC heap after
{Heap after GC invocations=1 (full 1):
 garbage-first heap   total 20480K, used 1948K [0x00000000c0000000, 0x0000000100000000)
  region size 1024K, 0 young (0K), 0 survivors (0K)
 Metaspace       used 1745K, committed 1920K, reserved 1114112K
  class space    used 156K, committed 256K, reserved 1048576K
}

Deoptimization events (20 events):
Event: 0.119 Thread 0x000001d35ec9aa40 Uncommon trap: trap_request=0xffffff6e fr.pc=0x000001d3177e762c relative=0x000000000000030c
Event: 0.119 Thread 0x000001d35ec9aa40 Uncommon trap: reason=loop_limit_check action=maybe_recompile pc=0x000001d3177e762c method=java.lang.StringLatin1.indexOf([BI[BII)I @ 37 c2
Event: 0.119 Thread 0x000001d35ec9aa40 DEOPT PACKING pc=0x000001d3177e762c sp=0x000000adf11eb810
Event: 0.119 Thread 0x000001d35ec9aa40 DEOPT UNPACKING pc=0x000001d3170d23a3 sp=0x000000adf11eb770 mode 2
Event: 0.406 Thread 0x000001d35ec9aa40 Uncommon trap: trap_request=0xffffffbe fr.pc=0x000001d3177f5eb0 relative=0x00000000000006f0
Event: 0.406 Thread 0x000001d35ec9aa40 Uncommon trap: reason=profile_predicate action=maybe_recompile pc=0x000001d3177f5eb0 method=java.lang.PublicMethods$MethodList.filter([Ljava/lang/reflect/Method;Ljava/lang/String;[Ljava/lang/Class;Z)Ljava/lang/PublicMethods$MethodList; @ 21 c2
Event: 0.406 Thread 0x000001d35ec9aa40 DEOPT PACKING pc=0x000001d3177f5eb0 sp=0x000000adf11e90e0
Event: 0.406 Thread 0x000001d35ec9aa40 DEOPT UNPACKING pc=0x000001d3170d23a3 sp=0x000000adf11e9098 mode 2
Event: 0.406 Thread 0x000001d35ec9aa40 Uncommon trap: trap_request=0xffffffbe fr.pc=0x000001d3177f5eb0 relative=0x00000000000006f0
Event: 0.406 Thread 0x000001d35ec9aa40 Uncommon trap: reason=profile_predicate action=maybe_recompile pc=0x000001d3177f5eb0 method=java.lang.PublicMethods$MethodList.filter([Ljava/lang/reflect/Method;Ljava/lang/String;[Ljava/lang/Class;Z)Ljava/lang/PublicMethods$MethodList; @ 21 c2
Event: 0.406 Thread 0x000001d35ec9aa40 DEOPT PACKING pc=0x000001d3177f5eb0 sp=0x000000adf11e90e0
Event: 0.406 Thread 0x000001d35ec9aa40 DEOPT UNPACKING pc=0x000001d3170d23a3 sp=0x000000adf11e9098 mode 2
Event: 0.406 Thread 0x000001d35ec9aa40 Uncommon trap: trap_request=0xffffffbe fr.pc=0x000001d3177f5eb0 relative=0x00000000000006f0
Event: 0.406 Thread 0x000001d35ec9aa40 Uncommon trap: reason=profile_predicate action=maybe_recompile pc=0x000001d3177f5eb0 method=java.lang.PublicMethods$MethodList.filter([Ljava/lang/reflect/Method;Ljava/lang/String;[Ljava/lang/Class;Z)Ljava/lang/PublicMethods$MethodList; @ 21 c2
Event: 0.406 Thread 0x000001d35ec9aa40 DEOPT PACKING pc=0x000001d3177f5eb0 sp=0x000000adf11e9030
Event: 0.406 Thread 0x000001d35ec9aa40 DEOPT UNPACKING pc=0x000001d3170d23a3 sp=0x000000adf11e8fe8 mode 2
Event: 0.406 Thread 0x000001d35ec9aa40 Uncommon trap: trap_request=0xffffffbe fr.pc=0x000001d3177f5eb0 relative=0x00000000000006f0
Event: 0.406 Thread 0x000001d35ec9aa40 Uncommon trap: reason=profile_predicate action=maybe_recompile pc=0x000001d3177f5eb0 method=java.lang.PublicMethods$MethodList.filter([Ljava/lang/reflect/Method;Ljava/lang/String;[Ljava/lang/Class;Z)Ljava/lang/PublicMethods$MethodList; @ 21 c2
Event: 0.406 Thread 0x000001d35ec9aa40 DEOPT PACKING pc=0x000001d3177f5eb0 sp=0x000000adf11e90e0
Event: 0.406 Thread 0x000001d35ec9aa40 DEOPT UNPACKING pc=0x000001d3170d23a3 sp=0x000000adf11e9098 mode 2

Classes unloaded (0 events):
No events

Classes redefined (0 events):
No events

Internal exceptions (11 events):
Event: 0.059 Thread 0x000001d35ec9aa40 Exception <a 'java/lang/NoClassDefFoundError'{0x00000000cf98acd8}: org/jpype/classloader/DynamicClassLoader> (0x00000000cf98acd8) 
thrown [s\open\src\hotspot\share\classfile\systemDictionary.cpp, line 245]
Event: 0.079 Thread 0x000001d35ec9aa40 Exception <a 'java/lang/NoSuchMethodError'{0x00000000cf82c038}: 'int java.lang.invoke.DirectMethodHandle$Holder.invokeStaticInit(java.lang.Object, java.lang.Object)'> (0x00000000cf82c038) 
thrown [s\open\src\hotspot\share\interpreter\linkResolver.cpp, line 759]
Event: 0.079 Thread 0x000001d35ec9aa40 Exception <a 'java/lang/NoSuchMethodError'{0x00000000cf832bb8}: 'java.lang.Object java.lang.invoke.DirectMethodHandle$Holder.invokeStaticInit(java.lang.Object, int)'> (0x00000000cf832bb8) 
thrown [s\open\src\hotspot\share\interpreter\linkResolver.cpp, line 759]
Event: 0.081 Thread 0x000001d35ec9aa40 Exception <a 'java/lang/NoSuchMethodError'{0x00000000cf83e2b0}: 'int java.lang.invoke.DirectMethodHandle$Holder.invokeSpecial(java.lang.Object, java.lang.Object, java.lang.Object)'> (0x00000000cf83e2b0) 
thrown [s\open\src\hotspot\share\interpreter\linkResolver.cpp, line 759]
Event: 0.082 Thread 0x000001d35ec9aa40 Exception <a 'java/lang/NoSuchMethodError'{0x00000000cf853e10}: 'java.lang.Object java.lang.invoke.DirectMethodHandle$Holder.invokeStatic(java.lang.Object, java.lang.Object, int)'> (0x00000000cf853e10) 
thrown [s\open\src\hotspot\share\interpreter\linkResolver.cpp, line 759]
Event: 0.083 Thread 0x000001d35ec9aa40 Exception <a 'java/lang/NoSuchMethodError'{0x00000000cf85f9d0}: 'void java.lang.invoke.DelegatingMethodHandle$Holder.delegate(java.lang.Object, java.lang.Object, int, java.lang.Object)'> (0x00000000cf85f9d0) 
thrown [s\open\src\hotspot\share\interpreter\linkResolver.cpp, line 759]
Event: 0.086 Thread 0x000001d35ec9aa40 Exception <a 'java/lang/NoSuchMethodError'{0x00000000cf8fdad8}: 'java.lang.Object java.lang.invoke.Invokers$Holder.invokeExact_MT(java.lang.Object, java.lang.Object, java.lang.Object)'> (0x00000000cf8fdad8) 
thrown [s\open\src\hotspot\share\interpreter\linkResolver.cpp, line 759]
Event: 0.094 Thread 0x000001d35ec9aa40 Exception <a 'sun/nio/fs/WindowsException'{0x00000000cf76f2a0}> (0x00000000cf76f2a0) 
thrown [s\open\src\hotspot\share\prims\jni.cpp, line 516]
Event: 0.094 Thread 0x000001d35ec9aa40 Exception <a 'sun/nio/fs/WindowsException'{0x00000000cf76fad8}> (0x00000000cf76fad8) 
thrown [s\open\src\hotspot\share\prims\jni.cpp, line 516]
Event: 0.122 Thread 0x000001d35ec9aa40 Exception <a 'java/lang/NoSuchMethodError'{0x00000000cf7ef378}: 'java.lang.Object java.lang.invoke.DirectMethodHandle$Holder.invokeInterface(java.lang.Object, java.lang.Object)'> (0x00000000cf7ef378) 
thrown [s\open\src\hotspot\share\interpreter\linkResolver.cpp, line 759]
Event: 0.122 Thread 0x000001d35ec9aa40 Exception <a 'java/lang/IncompatibleClassChangeError'{0x00000000cf7f2968}: Found class java.lang.Object, but interface was expected> (0x00000000cf7f2968) 
thrown [s\open\src\hotspot\share\interpreter\linkResolver.cpp, line 826]

VM Operations (6 events):
Event: 0.060 Executing VM operation: HandshakeAllThreads
Event: 0.060 Executing VM operation: HandshakeAllThreads done
Event: 0.149 Executing VM operation: G1CollectFull
Event: 0.153 Executing VM operation: G1CollectFull done
Event: 0.421 Executing VM operation: HandshakeAllThreads
Event: 0.421 Executing VM operation: HandshakeAllThreads done

Events (20 events):
Event: 0.420 loading class java/nio/file/ProviderMismatchException
Event: 0.420 loading class java/nio/file/ProviderMismatchException done
Event: 0.420 loading class java/util/zip/ZipException
Event: 0.420 loading class java/util/zip/ZipException done
Event: 0.420 loading class java/lang/UnsupportedOperationException
Event: 0.420 loading class java/lang/UnsupportedOperationException done
Event: 0.420 loading class java/security/PrivilegedActionException
Event: 0.420 loading class java/security/PrivilegedActionException done
Event: 0.421 loading class java/nio/file/FileSystemAlreadyExistsException
Event: 0.421 loading class java/nio/file/FileSystemAlreadyExistsException done
Event: 0.421 loading class java/nio/channels/AsynchronousFileChannel
Event: 0.421 loading class java/nio/channels/AsynchronousChannel
Event: 0.421 loading class java/nio/channels/AsynchronousChannel done
Event: 0.421 loading class java/nio/channels/AsynchronousFileChannel done
Event: 0.421 loading class java/nio/file/DirectoryStream$Filter
Event: 0.421 loading class java/nio/file/DirectoryStream$Filter done
Event: 0.421 loading class java/nio/file/FileStore
Event: 0.421 loading class java/nio/file/FileStore done
Event: 0.421 loading class jdk/internal/jrtfs/JrtFileSystemProvider
Event: 0.421 loading class jdk/internal/jrtfs/JrtFileSystemProvider done


Dynamic libraries:
0x00007ff60e5e0000 - 0x00007ff60e5fb000 	c:\Users\user\anaconda3\python.exe
0x00007ff9290d0000 - 0x00007ff9292c8000 	C:\Windows\SYSTEM32\ntdll.dll
0x00007ff928360000 - 0x00007ff92841d000 	C:\Windows\System32\KERNEL32.DLL
0x00007ff926bb0000 - 0x00007ff926ea6000 	C:\Windows\System32\KERNELBASE.dll
0x00007ff9268d0000 - 0x00007ff9269d0000 	C:\Windows\System32\ucrtbase.dll
0x00007ff8da5f0000 - 0x00007ff8da60e000 	c:\Users\user\anaconda3\VCRUNTIME140.dll
0x00007ff891790000 - 0x00007ff891d9b000 	c:\Users\user\anaconda3\python311.dll
0x00007ff9286a0000 - 0x00007ff92870b000 	C:\Windows\System32\WS2_32.dll
0x00007ff928f60000 - 0x00007ff929083000 	C:\Windows\System32\RPCRT4.dll
0x00007ff927070000 - 0x00007ff927097000 	C:\Windows\System32\bcrypt.dll
0x00007ff91bf30000 - 0x00007ff91bf3a000 	C:\Windows\SYSTEM32\VERSION.dll
0x00007ff928110000 - 0x00007ff9281c0000 	C:\Windows\System32\ADVAPI32.dll
0x00007ff928870000 - 0x00007ff92890e000 	C:\Windows\System32\msvcrt.dll
0x00007ff928930000 - 0x00007ff9289d0000 	C:\Windows\System32\sechost.dll
0x00007ff8da5d0000 - 0x00007ff8da5ea000 	c:\Users\user\anaconda3\zlib.dll
0x00007ff926790000 - 0x00007ff926812000 	C:\Windows\System32\bcryptprimitives.dll
0x000001d34cf50000 - 0x000001d34cf5f000 	c:\Users\user\anaconda3\python3.DLL
0x00007ff890d30000 - 0x00007ff890d40000 	c:\Users\user\anaconda3\Lib\site-packages\zmq\backend\cython\_device.cp311-win_amd64.pyd
0x00007ff88e740000 - 0x00007ff88e7b4000 	c:\Users\user\anaconda3\Library\bin\libzmq-mt-4_3_5.dll
0x00007ff895630000 - 0x00007ff8956bd000 	c:\Users\user\anaconda3\MSVCP140.dll
0x00007ff925ba0000 - 0x00007ff925bdb000 	C:\Windows\SYSTEM32\IPHLPAPI.DLL
0x00007ff8da590000 - 0x00007ff8da59c000 	c:\Users\user\anaconda3\VCRUNTIME140_1.dll
0x00007ff88e720000 - 0x00007ff88e733000 	c:\Users\user\anaconda3\Lib\site-packages\zmq\backend\cython\context.cp311-win_amd64.pyd
0x00007ff88e6f0000 - 0x00007ff88e714000 	c:\Users\user\anaconda3\Lib\site-packages\zmq\backend\cython\socket.cp311-win_amd64.pyd
0x00007ff88e6d0000 - 0x00007ff88e6e8000 	c:\Users\user\anaconda3\Lib\site-packages\zmq\backend\cython\message.cp311-win_amd64.pyd
0x00007ff88e6b0000 - 0x00007ff88e6c3000 	c:\Users\user\anaconda3\Lib\site-packages\zmq\backend\cython\_poll.cp311-win_amd64.pyd
0x00007ff88ff90000 - 0x00007ff88ffa0000 	c:\Users\user\anaconda3\Lib\site-packages\zmq\backend\cython\_proxy_steerable.cp311-win_amd64.pyd
0x00007ff88e6a0000 - 0x00007ff88e6ac000 	c:\Users\user\anaconda3\Lib\site-packages\zmq\backend\cython\_version.cp311-win_amd64.pyd
0x00007ff88e690000 - 0x00007ff88e69d000 	c:\Users\user\anaconda3\Lib\site-packages\zmq\backend\cython\error.cp311-win_amd64.pyd
0x00007ff88e680000 - 0x00007ff88e68f000 	c:\Users\user\anaconda3\Lib\site-packages\zmq\backend\cython\utils.cp311-win_amd64.pyd
0x00007ff8da5b0000 - 0x00007ff8da5c6000 	c:\Users\user\anaconda3\DLLs\_socket.pyd
0x00007ff902400000 - 0x00007ff902409000 	c:\Users\user\anaconda3\DLLs\select.pyd
0x00007ff8da4c0000 - 0x00007ff8da4ed000 	c:\Users\user\anaconda3\DLLs\_ssl.pyd
0x00007ff9269d0000 - 0x00007ff926b2e000 	C:\Windows\System32\CRYPT32.dll
0x00007ff891160000 - 0x00007ff89178f000 	c:\Users\user\anaconda3\Library\bin\libcrypto-3-x64.dll
0x00007ff928500000 - 0x00007ff92869f000 	C:\Windows\System32\USER32.dll
0x00007ff926b80000 - 0x00007ff926ba2000 	C:\Windows\System32\win32u.dll
0x00007ff928790000 - 0x00007ff9287bb000 	C:\Windows\System32\GDI32.dll
0x00007ff926eb0000 - 0x00007ff926fc7000 	C:\Windows\System32\gdi32full.dll
0x00007ff926fd0000 - 0x00007ff92706d000 	C:\Windows\System32\msvcp_win.dll
0x00007ff8da190000 - 0x00007ff8da2c5000 	c:\Users\user\anaconda3\Library\bin\libssl-3-x64.dll
0x00007ff9289d0000 - 0x00007ff9289ff000 	C:\Windows\System32\IMM32.DLL
0x00007ff88e620000 - 0x00007ff88e631000 	c:\Users\user\anaconda3\DLLs\_asyncio.pyd
0x00007ff88e600000 - 0x00007ff88e60e000 	c:\Users\user\anaconda3\DLLs\_overlapped.pyd
0x00007ff925f10000 - 0x00007ff925f7a000 	C:\Windows\system32\mswsock.dll
0x00007ff8fd670000 - 0x00007ff8fd67a000 	c:\Users\user\anaconda3\DLLs\_bz2.pyd
0x00007ff8da530000 - 0x00007ff8da562000 	c:\Users\user\anaconda3\Library\bin\LIBBZ2.dll
0x00007ff8fa110000 - 0x00007ff8fa11d000 	c:\Users\user\anaconda3\DLLs\_lzma.pyd
0x00007ff8da4f0000 - 0x00007ff8da522000 	c:\Users\user\anaconda3\Library\bin\liblzma.dll
0x00007ff8da5a0000 - 0x00007ff8da5a9000 	c:\Users\user\anaconda3\DLLs\_queue.pyd
0x00007ff8da670000 - 0x00007ff8da680000 	c:\Users\user\anaconda3\DLLs\_hashlib.pyd
0x00007ff88e660000 - 0x00007ff88e667000 	c:\Users\user\anaconda3\Lib\site-packages\tornado\speedups.pyd
0x00007ff8da570000 - 0x00007ff8da590000 	c:\Users\user\anaconda3\DLLs\_ctypes.pyd
0x00007ff9281c0000 - 0x00007ff9282eb000 	C:\Windows\System32\ole32.dll
0x00007ff927b40000 - 0x00007ff927e93000 	C:\Windows\System32\combase.dll
0x00007ff928420000 - 0x00007ff9284ed000 	C:\Windows\System32\OLEAUT32.dll
0x00007ff912790000 - 0x00007ff91279c000 	c:\Users\user\anaconda3\Library\bin\ffi.dll
0x00007ff8da470000 - 0x00007ff8da4b3000 	c:\Users\user\anaconda3\DLLs\_decimal.pyd
0x00007ff8da100000 - 0x00007ff8da107000 	c:\Users\user\anaconda3\DLLs\_uuid.pyd
0x00007ff9272e0000 - 0x00007ff927a4c000 	C:\Windows\System32\shell32.DLL
0x00007ff88e640000 - 0x00007ff88e65c000 	c:\Users\user\anaconda3\DLLs\_sqlite3.pyd
0x00007ff88e490000 - 0x00007ff88e5fe000 	c:\Users\user\anaconda3\Library\bin\sqlite3.dll
0x00007ff895480000 - 0x00007ff895598000 	c:\Users\user\anaconda3\DLLs\unicodedata.pyd
0x00007ff8da0e0000 - 0x00007ff8da0f4000 	c:\Users\user\anaconda3\Lib\site-packages\psutil\_psutil_windows.cp311-win_amd64.pyd
0x00007ff928ae0000 - 0x00007ff928ae8000 	C:\Windows\System32\PSAPI.DLL
0x00007ff9019c0000 - 0x00007ff901a09000 	C:\Windows\SYSTEM32\pdh.dll
0x00007ff925d10000 - 0x00007ff925d5b000 	C:\Windows\SYSTEM32\POWRPROF.dll
0x00007ff925b80000 - 0x00007ff925b92000 	C:\Windows\SYSTEM32\UMPDC.dll
0x00007ff91d2b0000 - 0x00007ff91d2c4000 	C:\Windows\SYSTEM32\wtsapi32.dll
0x00007ff895740000 - 0x00007ff895772000 	c:\Users\user\anaconda3\DLLs\pyexpat.pyd
0x00007ff921140000 - 0x00007ff92118f000 	c:\Users\user\anaconda3\Lib\site-packages\debugpy\_vendored\pydevd\_pydevd_bundle\pydevd_cython.cp311-win_amd64.pyd
0x00007ff924fa0000 - 0x00007ff924fb2000 	C:\Windows\SYSTEM32\kernel.appcore.dll
0x00007ff8fdd70000 - 0x00007ff8fdd77000 	C:\Windows\system32\wshunix.dll
0x00007ff9284f0000 - 0x00007ff9284f8000 	C:\Windows\System32\NSI.dll
0x00007ff91fed0000 - 0x00007ff91fee7000 	C:\Windows\SYSTEM32\dhcpcsvc6.DLL
0x00007ff91feb0000 - 0x00007ff91fecd000 	C:\Windows\SYSTEM32\dhcpcsvc.DLL
0x00007ff925be0000 - 0x00007ff925caa000 	C:\Windows\SYSTEM32\DNSAPI.dll
0x00007ff927110000 - 0x00007ff9271bd000 	C:\Windows\System32\shcore.dll
0x00007ff91b9d0000 - 0x00007ff91b9f3000 	c:\Users\user\anaconda3\DLLs\_elementtree.pyd
0x00007ff91fb80000 - 0x00007ff91fb87000 	c:\Users\user\anaconda3\Lib\site-packages\mkl\_mklinit.cp311-win_amd64.pyd
0x00007ff88baf0000 - 0x00007ff88ce89000 	c:\Users\user\anaconda3\Library\bin\mkl_rt.1.dll
0x00007ff91b940000 - 0x00007ff91b95a000 	c:\Users\user\anaconda3\Lib\site-packages\mkl\_py_mkl_service.cp311-win_amd64.pyd
0x00007ff890df0000 - 0x00007ff891156000 	c:\Users\user\anaconda3\Lib\site-packages\numpy\core\_multiarray_umath.cp311-win_amd64.pyd
0x00007ff91b910000 - 0x00007ff91b931000 	c:\Users\user\anaconda3\Lib\site-packages\numpy\core\_multiarray_tests.cp311-win_amd64.pyd
0x00007ff91b7b0000 - 0x00007ff91b7de000 	c:\Users\user\anaconda3\Lib\site-packages\numpy\linalg\_umath_linalg.cp311-win_amd64.pyd
0x00007ff91b700000 - 0x00007ff91b721000 	c:\Users\user\anaconda3\Lib\site-packages\numpy\fft\_pocketfft_internal.cp311-win_amd64.pyd
0x00007ff8953e0000 - 0x00007ff895476000 	c:\Users\user\anaconda3\Lib\site-packages\numpy\random\mtrand.cp311-win_amd64.pyd
0x00007ff895710000 - 0x00007ff89573b000 	c:\Users\user\anaconda3\Lib\site-packages\numpy\random\bit_generator.cp311-win_amd64.pyd
0x00007ff8956e0000 - 0x00007ff895710000 	c:\Users\user\anaconda3\Lib\site-packages\numpy\random\_common.cp311-win_amd64.pyd
0x00007ff8955f0000 - 0x00007ff89562f000 	c:\Users\user\anaconda3\Lib\site-packages\numpy\random\_bounded_integers.cp311-win_amd64.pyd
0x00007ff8956c0000 - 0x00007ff8956d7000 	c:\Users\user\anaconda3\Lib\site-packages\numpy\random\_mt19937.cp311-win_amd64.pyd
0x00007ff8955d0000 - 0x00007ff8955e6000 	c:\Users\user\anaconda3\Lib\site-packages\numpy\random\_philox.cp311-win_amd64.pyd
0x00007ff8955b0000 - 0x00007ff8955c9000 	c:\Users\user\anaconda3\Lib\site-packages\numpy\random\_pcg64.cp311-win_amd64.pyd
0x00007ff8953c0000 - 0x00007ff8953d2000 	c:\Users\user\anaconda3\Lib\site-packages\numpy\random\_sfc64.cp311-win_amd64.pyd
0x00007ff895310000 - 0x00007ff8953be000 	c:\Users\user\anaconda3\Lib\site-packages\numpy\random\_generator.cp311-win_amd64.pyd
0x00007ff8886a0000 - 0x00007ff88baea000 	c:\Users\user\anaconda3\Library\bin\mkl_intel_thread.1.dll
0x00007ff883bd0000 - 0x00007ff88869e000 	c:\Users\user\anaconda3\Library\bin\mkl_core.1.dll
0x00007ff881250000 - 0x00007ff883bc5000 	c:\Users\user\anaconda3\Library\bin\mkl_avx2.1.dll
0x00007ff88d4b0000 - 0x00007ff88e38b000 	c:\Users\user\anaconda3\Library\bin\mkl_vml_avx2.1.dll
0x00007ff8952f0000 - 0x00007ff895305000 	c:\Users\user\anaconda3\Lib\site-packages\scipy\_lib\_ccallback_c.cp311-win_amd64.pyd
0x00007ff91b900000 - 0x00007ff91b90b000 	c:\Users\user\anaconda3\Lib\site-packages\numpy\linalg\lapack_lite.cp311-win_amd64.pyd
0x00007ff890d60000 - 0x00007ff890de5000 	c:\Users\user\anaconda3\Lib\site-packages\scipy\spatial\_ckdtree.cp311-win_amd64.pyd
0x00007ff88fce0000 - 0x00007ff88ff32000 	c:\Users\user\anaconda3\Lib\site-packages\scipy\sparse\_sparsetools.cp311-win_amd64.pyd
0x00007ff88fc60000 - 0x00007ff88fcd7000 	c:\Users\user\anaconda3\Lib\site-packages\scipy\sparse\_csparsetools.cp311-win_amd64.pyd
0x00007ff88ffa0000 - 0x00007ff88ffd6000 	c:\Users\user\anaconda3\Lib\site-packages\scipy\sparse\linalg\_isolve\_iterative.cp311-win_amd64.pyd
0x00007ff88f800000 - 0x00007ff88fc57000 	c:\Users\user\anaconda3\Library\bin\libmmd.dll
0x00007ff88f760000 - 0x00007ff88f7f5000 	c:\Users\user\anaconda3\Lib\site-packages\scipy\linalg\_fblas.cp311-win_amd64.pyd
0x00007ff88f1e0000 - 0x00007ff88f3d2000 	c:\Users\user\anaconda3\Lib\site-packages\scipy\linalg\_flapack.cp311-win_amd64.pyd
0x00007ff88f700000 - 0x00007ff88f760000 	c:\Users\user\anaconda3\Lib\site-packages\scipy\linalg\_cythonized_array_utils.cp311-win_amd64.pyd
0x00007ff8952d0000 - 0x00007ff8952e2000 	c:\Users\user\anaconda3\Lib\site-packages\scipy\linalg\_flinalg.cp311-win_amd64.pyd
0x00007ff88f6c0000 - 0x00007ff88f6f5000 	c:\Users\user\anaconda3\Lib\site-packages\scipy\linalg\_solve_toeplitz.cp311-win_amd64.pyd
0x00007ff891fe0000 - 0x00007ff891ff2000 	c:\Users\user\anaconda3\Lib\site-packages\scipy\linalg\_matfuncs_sqrtm_triu.cp311-win_amd64.pyd
0x00007ff88f660000 - 0x00007ff88f6b1000 	c:\Users\user\anaconda3\Lib\site-packages\scipy\linalg\_matfuncs_expm.cp311-win_amd64.pyd
0x00007ff88f130000 - 0x00007ff88f1d4000 	c:\Users\user\anaconda3\Lib\site-packages\scipy\linalg\cython_lapack.cp311-win_amd64.pyd
0x00007ff88f620000 - 0x00007ff88f65f000 	c:\Users\user\anaconda3\Lib\site-packages\scipy\linalg\cython_blas.cp311-win_amd64.pyd
0x00007ff88f0f0000 - 0x00007ff88f12f000 	c:\Users\user\anaconda3\Lib\site-packages\scipy\linalg\_decomp_update.cp311-win_amd64.pyd
0x00007ff88f090000 - 0x00007ff88f0e1000 	c:\Users\user\anaconda3\Lib\site-packages\scipy\sparse\linalg\_dsolve\_superlu.cp311-win_amd64.pyd
0x00007ff88f020000 - 0x00007ff88f08e000 	c:\Users\user\anaconda3\Lib\site-packages\scipy\sparse\linalg\_eigen\arpack\_arpack.cp311-win_amd64.pyd
0x00007ff88ee30000 - 0x00007ff88f015000 	c:\Users\user\anaconda3\Library\bin\libifcoremd.dll
0x00007ff928910000 - 0x00007ff92892d000 	C:\Windows\System32\imagehlp.dll
0x00007ff88edd0000 - 0x00007ff88ee26000 	c:\Users\user\anaconda3\Lib\site-packages\scipy\sparse\csgraph\_shortest_path.cp311-win_amd64.pyd
0x00007ff88eda0000 - 0x00007ff88edc4000 	c:\Users\user\anaconda3\Lib\site-packages\scipy\sparse\csgraph\_tools.cp311-win_amd64.pyd
0x00007ff88ed70000 - 0x00007ff88ed92000 	c:\Users\user\anaconda3\Lib\site-packages\scipy\sparse\csgraph\_traversal.cp311-win_amd64.pyd
0x00007ff88ed40000 - 0x00007ff88ed6d000 	c:\Users\user\anaconda3\Lib\site-packages\scipy\sparse\csgraph\_min_spanning_tree.cp311-win_amd64.pyd
0x00007ff88ed00000 - 0x00007ff88ed3d000 	c:\Users\user\anaconda3\Lib\site-packages\scipy\sparse\csgraph\_flow.cp311-win_amd64.pyd
0x00007ff88ecc0000 - 0x00007ff88ecfe000 	c:\Users\user\anaconda3\Lib\site-packages\scipy\sparse\csgraph\_matching.cp311-win_amd64.pyd
0x00007ff88ec80000 - 0x00007ff88ecb9000 	c:\Users\user\anaconda3\Lib\site-packages\scipy\sparse\csgraph\_reordering.cp311-win_amd64.pyd
0x00007ff88eba0000 - 0x00007ff88ec7b000 	c:\Users\user\anaconda3\Lib\site-packages\scipy\spatial\_qhull.cp311-win_amd64.pyd

dbghelp: loaded successfully - version: 4.0.5 - missing functions: none
symbol engine: initialized successfully - sym options: 0x614 - pdb path: .;c:\Users\user\anaconda3;C:\Windows\SYSTEM32;c:\Users\user\anaconda3\Lib\site-packages\zmq\backend\cython;c:\Users\user\anaconda3\Library\bin;c:\Users\user\anaconda3\DLLs;c:\Users\user\anaconda3\Lib\site-packages\tornado;c:\Users\user\anaconda3\Lib\site-packages\psutil;c:\Users\user\anaconda3\Lib\site-packages\debugpy\_vendored\pydevd\_pydevd_bundle;c:\Users\user\anaconda3\Lib\site-packages\mkl;c:\Users\user\anaconda3\Lib\site-packages\numpy\core;c:\Users\user\anaconda3\Lib\site-packages\numpy\linalg;c:\Users\user\anaconda3\Lib\site-packages\numpy\fft;c:\Users\user\anaconda3\Lib\site-packages\numpy\random;c:\Users\user\anaconda3\Lib\site-packages\scipy\_lib;c:\Users\user\anaconda3\Lib\site-packages\scipy\spatial;c:\Users\user\anaconda3\Lib\site-packages\scipy\sparse;c:\Users\user\anaconda3\Lib\site-packages\scipy\sparse\linalg\_isolve;c:\Users\user\anaconda3\Lib\site-packages\scipy\linalg;c:\Users\user\anaconda3\Lib\site-packages\scipy\sparse\linalg\_dsolve;c:\Users\user\anaconda3\Lib\site-packages\scipy\sparse\linalg\_eigen\arpack;c:\Users\user\anaconda3\Lib\site-packages\scipy\sparse\csgraph;c:\Users\user\anaconda3\Lib\site-packages\scipy\special;c:\Users\user\anaconda3\Lib\site-packages\scipy\spatial\transform;c:\Users\user\anaconda3\Lib\site-packages\scipy\ndimage;c:\Users\user\anaconda3\Lib\site-packages\scipy\optimize;c:\Users\user\anaconda3\Lib\site-packages\scipy\optimize\_trlib;c:\Users\user\anaconda3\Lib\site-packages\scipy\optimize\_lsq;c:\Users\user\anaconda3\Lib\site-packages\scipy\optimize\_highs;c:\Users\user\anaconda3\Lib\site-packages\scipy\integrate;c:\Users\user\anaconda3\Lib\site-packages\scipy\stats;c:\Users\user\anaconda3\Lib\site-packages\scipy\stats\_boost;c:\Users\user\anaconda3\Lib\site-packages\scipy\interpolate;c:\Users\user\anaconda3\Lib\site-packages\scipy\stats\_levy_stable;c:\Users\user\anaconda3\Lib\site-packages\scipy\_lib\_uarray;c:\Users\user\anaconda3\Lib\site-packages\scipy\fft\_pocketfft;c:\Users\user\anaconda3\Lib\site-packages\scipy\stats\_rcont;C:\Windows\WinSxS\amd64_microsoft.windows.common-controls_6595b64144ccf1df_6.0.19041.4355_none_60b8b9eb71f62e16;c:\Users\user\anaconda3\Lib\site-packages\regex;c:\Users\user\anaconda3\Lib\site-packages\sklearn\__check_build;c:\Users\user\anaconda3\Lib\site-packages\sklearn\utils;c:\Users\user\anaconda3\Lib\site-packages\lz4;c:\Users\user\anaconda3\Lib\site-packages\lz4\frame;c:\Users\user\anaconda3\Lib\site-packages\sklearn\feature_extraction;c:\Users\user\anaconda3\Lib\site-packages\sklearn\preprocessing;c:\Users\user\anaconda3\Lib\site-packages\sklearn\svm;c:\Users\user\anaconda3\Lib\site-packages\sklearn\metrics;c:\Users\user\anaconda3\Lib\site-packages\sklearn\metrics\cluster;c:\Users\user\anaconda3\Lib\site-packages\sklearn\metrics\_pairwise_distances_reduction;c:\Users\user\anaconda3\Lib\site-packages\sklearn\linear_model;c:\Users\user\anaconda3\Lib\site-packages\sklearn\_loss;c:\Users\user\anaconda3\Lib\site-packages\sklearn\datasets;c:\Users\user\anaconda3\Lib\site-packages\scipy\io\matlab;c:\Users\user\anaconda3\Lib\site-packages\tensorflow\python\platform;c:\Users\user\anaconda3\Lib\site-packages\tensorflow\python;c:\Users\user\anaconda3\Lib\site-packages\tensorflow\python\client;c:\Users\user\anaconda3\Lib\site-packages\tensorflow\python\util;c:\Users\user\anaconda3\Lib\site-packages\ml_dtypes;c:\Users\user\anaconda3\Lib\site-packages\tensorflow\python\framework;c:\Users\user\anaconda3\Lib\site-packages\wrapt;c:\Users\user\anaconda3\Lib\site-packages\tensorflow\python\profiler\internal;c:\Users\user\anaconda3\Lib\site-packages\tensorflow\python\lib\io;c:\Users\user\anaconda3\Lib\site-packages\tensorflow\python\data\experimental\service;c:\Users\user\anaconda3\Lib\site-packages\tensorflow\python\saved_model;c:\Users\user\anaconda3\Lib\site-packages\tensorflow\python\lib\core;c:\Users\user\anaconda3\Lib\site-packages\tensorflow\compiler\tf2tensorrt;c:\Users\user\anaconda3\Lib\site-packages\tensorflow\python\grappler;c:\Users\user\anaconda3\Lib\site-packages;c:\Users\user\anaconda3\Lib\site-packages\zstandard;c:\Users\user\anaconda3\Lib\site-packages\simplejson;c:\Users\user\anaconda3\Lib\site-packages\h5py;c:\Users\user\anaconda3\Lib\site-packages\tensorflow\compiler\mlir\quantization\tensorflow\calibrator;c:\Users\user\anaconda3\Lib\site-packages\tensorflow\compiler\mlir\quantization\tensorflow\python;c:\Users\user\anaconda3\Lib\site-packages\tensorflow\lite\python\metrics;c:\Users\user\anaconda3\Lib\site-packages\tensorflow\lite\experimental\microfrontend\python\ops;c:\Users\user\anaconda3\Lib\site-packages\tensorflow\lite\python\interpreter_wrapper;c:\Users\user\anaconda3\Lib\site-packages\tensorflow\lite\python\analyzer_wrapper;c:\Users\user\anaconda3\Lib\site-packages\tensorflow\python\tpu;c:\Users\user\anaconda3\Lib\site-packages\PIL;c:\Users\user\anaconda3\Lib\site-packages\optree;c:\Users\user\anaconda3\Lib\site-packages\pyarrow;c:\Users\user\anaconda3\Lib\site-packages\pandas\_libs;c:\Users\user\anaconda3\Lib\site-packages\pandas\_libs\tslibs;c:\Users\user\anaconda3\Lib\site-packages\numexpr;c:\Users\user\anaconda3\Lib\site-packages\bottleneck;c:\Users\user\anaconda3\Lib\site-packages\pandas\_libs\window;c:\Users\user\anaconda3\Lib\site-packages\yaml;c:\Users\user\anaconda3\Lib\site-packages\lxml;C:\Users\user\anaconda3\Library\lib\reg1.3;C:\Windows\System32\IME\IMEKR;C:\Windows\System32\IME\shared;C:\Program Files\Java\jdk-17\bin\server;C:\Program Files\Java\jdk-17\bin

VM Arguments:
jvm_args: -Dfile.encoding=UTF8 -ea -Xmx1024m 
java_command: <unknown>
java_class_path (initial): C:\Users\user\anaconda3\Lib\site-packages\konlpy\java;C:\Users\user\anaconda3\Lib\site-packages\konlpy\java\bin;C:\Users\user\anaconda3\Lib\site-packages\konlpy\java\aho-corasick.jar;C:\Users\user\anaconda3\Lib\site-packages\konlpy\java\jhannanum-0.8.4.jar;C:\Users\user\anaconda3\Lib\site-packages\konlpy\java\kkma-2.0.jar;C:\Users\user\anaconda3\Lib\site-packages\konlpy\java\komoran-3.0.jar;C:\Users\user\anaconda3\Lib\site-packages\konlpy\java\open-korean-text-2.1.0.jar;C:\Users\user\anaconda3\Lib\site-packages\konlpy\java\scala-library-2.12.3.jar;C:\Users\user\anaconda3\Lib\site-packages\konlpy\java\shineware-common-1.0.jar;C:\Users\user\anaconda3\Lib\site-packages\konlpy\java\shineware-ds-1.0.jar;C:\Users\user\anaconda3\Lib\site-packages\konlpy\java\snakeyaml-1.12.jar;C:\Users\user\anaconda3\Lib\site-packages\konlpy\java\twitter-text-1.14.7.jar;C:\Users\user\anaconda3\Lib\site-packages\konlpy\java\jhannanum-0.8.4.jar;C:\Users\user\anaconda3\Lib\site-packages\konlpy\java\kkma-2.0.jar;C:\Users\user\anaconda3\Lib\site-packages\konlpy\java\aho-corasick.jar;C:\Users\user\anaconda3\Lib\site-packages\konlpy\java\shineware-common-1.0.jar;C:\Users\user\anaconda3\Lib\site-packages\konlpy\java\shineware-ds-1.0.jar;C:\Users\user\anaconda3\Lib\site-packages\konlpy\java\komoran-3.0.jar;C:\Users\user\anaconda3\Lib\site-packages\konlpy\java\snakeyaml-1.12.jar;C:\Users\user\anaconda3\Lib\site-packages\konlpy\java\scala-library-2.12.3.jar;C:\Users\user\anaconda3\Lib\site-packages\konlpy\java\open-korean-text-2.1.0.jar;C:\Users\user\anaconda3\Lib\site-packages\konlpy\java\twitter-text-1.14.7.jar;C:\Users\user\anaconda3\Lib\site-packages\konlpy\java\aho-corasick.jar;C:\Users\user\anaconda3\Lib\site-packages\konlpy\java\jhannanum-0.8.4.jar;C:\Users\user\anaconda3\Lib\site-packages\konlpy\java\kkma-2.0.jar;C:\Users\user\anaconda3\Lib\site-packages\konlpy\java\komoran-3.0.jar;C:\Users\user\anaconda3\Lib\site-packages\konlpy\java\open-korean-text-2.1.0.jar;C:
Launcher Type: generic

[Global flags]
     intx CICompilerCount                          = 12                                        {product} {ergonomic}
     uint ConcGCThreads                            = 4                                         {product} {ergonomic}
     uint G1ConcRefinementThreads                  = 15                                        {product} {ergonomic}
   size_t G1HeapRegionSize                         = 1048576                                   {product} {ergonomic}
    uintx GCDrainStackTargetSize                   = 64                                        {product} {ergonomic}
   size_t InitialHeapSize                          = 264241152                                 {product} {ergonomic}
   size_t MarkStackSize                            = 4194304                                   {product} {ergonomic}
   size_t MaxHeapSize                              = 1073741824                                {product} {command line}
   size_t MaxNewSize                               = 643825664                                 {product} {ergonomic}
   size_t MinHeapDeltaBytes                        = 1048576                                   {product} {ergonomic}
   size_t MinHeapSize                              = 8388608                                   {product} {ergonomic}
    uintx NonNMethodCodeHeapSize                   = 7602480                                {pd product} {ergonomic}
    uintx NonProfiledCodeHeapSize                  = 122027880                              {pd product} {ergonomic}
    uintx ProfiledCodeHeapSize                     = 122027880                              {pd product} {ergonomic}
    uintx ReservedCodeCacheSize                    = 251658240                              {pd product} {ergonomic}
     bool SegmentedCodeCache                       = true                                      {product} {ergonomic}
   size_t SoftMaxHeapSize                          = 1073741824                             {manageable} {ergonomic}
     bool UseCompressedClassPointers               = true                           {product lp64_product} {ergonomic}
     bool UseCompressedOops                        = true                           {product lp64_product} {ergonomic}
     bool UseG1GC                                  = true                                      {product} {ergonomic}
     bool UseLargePagesIndividualAllocation        = false                                  {pd product} {ergonomic}

Logging:
Log output configuration:
 #0: stdout all=warning uptime,level,tags
 #1: stderr all=off uptime,level,tags

Environment Variables:
JAVA_HOME=C:\Program Files\Java\jdk-17\bin\server
PATH=c:\Users\user\anaconda3;C:\Users\user\anaconda3;C:\Users\user\anaconda3\Library\mingw-w64\bin;C:\Users\user\anaconda3\Library\usr\bin;C:\Users\user\anaconda3\Library\bin;C:\Users\user\anaconda3\Scripts;C:\Users\user\anaconda3\bin;C:\Users\user\anaconda3\condabin;C:\Program Files\Common Files\Oracle\Java\javapath;C:\Program Files\NVIDIA GPU Computing Toolkit\CUDA\v12.5\bin;C:\Program Files\NVIDIA GPU Computing Toolkit\CUDA\v12.5\libnvvp;C:\Windows\system32;C:\Windows;C:\Windows\System32\Wbem;C:\Windows\System32\WindowsPowerShell\v1.0;C:\Windows\System32\OpenSSH;C:\Program Files\Git\cmd;C:\Users\user\anaconda3;C:\Users\user\anaconda3\Scripts;C:\Users\user\anaconda3\Library\mingw-w64\bin;C:\Program Files (x86)\NVIDIA Corporation\PhysX\Common;C:\Program Files\NVIDIA Corporation\Nsight Compute 2024.2.0;C:\Program Files\NVIDIA Corporation\NVIDIA NvDLISR;C:\Program Files\Java\jdk-17\bin\server\bin;C:\Users\user\AppData\Local\Microsoft\WindowsApps;C:\Users\user\AppData\Local\Programs\Microsoft VS Code\bin
USERNAME=user
OS=Windows_NT
PROCESSOR_IDENTIFIER=Intel64 Family 6 Model 154 Stepping 3, GenuineIntel



---------------  S Y S T E M  ---------------

OS:
 Windows 10 , 64 bit Build 19041 (10.0.19041.3636)
OS uptime: 0 days 0:06 hours

CPU: total 20 (initial active 20) (10 cores per cpu, 2 threads per core) family 6 model 154 stepping 3 microcode 0x42c, cx8, cmov, fxsr, ht, mmx, 3dnowpref, sse, sse2, sse3, ssse3, sse4.1, sse4.2, popcnt, lzcnt, tsc, tscinvbit, avx, avx2, aes, erms, clmul, bmi1, bmi2, adx, sha, fma, vzeroupper, clflush, clflushopt, clwb

Memory: 4k page, system-wide physical 16049M (8471M free)
TotalPageFile size 18481M (AvailPageFile size 9731M)
current process WorkingSet (physical memory assigned to process): 848M, peak: 848M
current process commit charge ("private bytes"): 930M, peak: 1017M

vm_info: Java HotSpot(TM) 64-Bit Server VM (17.0.10+11-LTS-240) for windows-amd64 JRE (17.0.10+11-LTS-240), built on Dec 19 2023 21:47:25 by "mach5one" with MS VC++ 17.1 (VS2022)

END.
